<?xml version="1.0" encoding="UTF-8"?>
<!-- Generated by org.testng.reporters.JUnitXMLReporter -->
<testsuite ignored="0" hostname="Ankush" failures="0" tests="4" name="Test" time="16.523" errors="0" timestamp="2022-08-16T12:54:59 IST">
  <testcase classname="TestCases.ParallelTest" name="openFB" time="9.35"/>
  <testcase classname="TestCases.ParallelTest" name="openGoogle" time="9.743"/>
  <testcase classname="TestCases.ParallelTest" name="openKite" time="5.324"/>
  <testcase classname="TestCases.ParallelTest" name="openLinkedIn" time="6.697"/>
</testsuite> <!-- Test -->
