<?xml version="1.0" encoding="UTF-8"?>
<testng-results ignored="0" total="1" passed="1" failed="0" skipped="0">
  <reporter-output>
  </reporter-output>
  <suite started-at="2022-08-22T18:41:16 IST" name="Default suite" finished-at="2022-08-22T18:41:52 IST" duration-ms="36041">
    <groups>
    </groups>
    <test started-at="2022-08-22T18:41:16 IST" name="Default test" finished-at="2022-08-22T18:41:52 IST" duration-ms="36041">
      <class name="TestCases.ByeStocktest">
        <test-method is-config="true" signature="setup()[pri:0, instance:TestCases.ByeStocktest@74751b3]" started-at="2022-08-22T18:41:16 IST" name="setup" finished-at="2022-08-22T18:41:24 IST" duration-ms="8297" status="PASS">
          <reporter-output>
          </reporter-output>
        </test-method> <!-- setup -->
        <test-method signature="verifyGoldBeesTest()[pri:0, instance:TestCases.ByeStocktest@74751b3]" started-at="2022-08-22T18:41:24 IST" name="verifyGoldBeesTest" finished-at="2022-08-22T18:41:52 IST" duration-ms="27672" status="PASS">
          <reporter-output>
          </reporter-output>
        </test-method> <!-- verifyGoldBeesTest -->
      </class> <!-- TestCases.ByeStocktest -->
    </test> <!-- Default test -->
  </suite> <!-- Default suite -->
</testng-results>
